<?xml version="1.0" encoding="UTF-8"?>
<robot generator="Robot 7.0 (Python 3.9.6 on darwin)" generated="2024-04-06T15:06:06.440934" rpa="false" schemaversion="5">
<suite id="s1" name="Testcase" source="/Users/nopparatsmacpro/Desktop/Test_API/testcases/testcase.robot">
<test id="s1-t1" name="[TC-1] - Get user profile success" line="6">
<kw name="Call Api With User 12 And Response Status 200" owner="Keyword" source_name="Call Api With User ${user} And Response Status ${response_status}">
<kw name="Create Session" owner="RequestsLibrary">
<msg time="2024-04-06T15:06:06.551695" level="INFO">Creating Session using : alias=mysession, url=https://reqres.in, headers={},                     cookies={}, auth=None, timeout=None, proxies=None, verify=True,                     debug=0 </msg>
<arg>mysession</arg>
<arg>${url}</arg>
<arg>verify=true</arg>
<doc>Create Session: create a HTTP session to a server</doc>
<status status="PASS" start="2024-04-06T15:06:06.551575" elapsed="0.000223"/>
</kw>
<kw name="GET On Session" owner="RequestsLibrary">
<msg time="2024-04-06T15:06:06.624839" level="INFO">GET Request : url=https://reqres.in/api/users/12 
 path_url=/api/users/12 
 headers={'User-Agent': 'python-requests/2.31.0', 'Accept-Encoding': 'gzip, deflate', 'Accept': '*/*', 'Connection': 'keep-alive'} 
 body=None 
 </msg>
<msg time="2024-04-06T15:06:06.624907" level="INFO">GET Response : url=https://reqres.in/api/users/12 
 status=200, reason=OK 
 headers={'Date': 'Sat, 06 Apr 2024 08:06:06 GMT', 'Content-Type': 'application/json; charset=utf-8', 'Transfer-Encoding': 'chunked', 'Connection': 'keep-alive', 'Report-To': '{"group":"heroku-nel","max_age":3600,"endpoints":[{"url":"https://nel.heroku.com/reports?ts=1712386520&amp;sid=c4c9725f-1ab0-44d8-820f-430df2718e11&amp;s=E0uaWz0JLwhQbVjzdxdXBma4p%2BSi9RKP47ltvQtd4i8%3D"}]}', 'Reporting-Endpoints': 'heroku-nel=https://nel.heroku.com/reports?ts=1712386520&amp;sid=c4c9725f-1ab0-44d8-820f-430df2718e11&amp;s=E0uaWz0JLwhQbVjzdxdXBma4p%2BSi9RKP47ltvQtd4i8%3D', 'Nel': '{"report_to":"heroku-nel","max_age":3600,"success_fraction":0.005,"failure_fraction":0.05,"response_headers":["Via"]}', 'X-Powered-By': 'Express', 'Access-Control-Allow-Origin': '*', 'Etag': 'W/"11c-Y8Nrcu5DO2DrJvfp3zc2PKGiar4"', 'Via': '1.1 vegur', 'Cache-Control': 'max-age=14400', 'CF-Cache-Status': 'HIT', 'Age': '4246', 'Vary': 'Accept-Encoding', 'Server': 'cloudflare', 'CF-RAY': '870046d3b8e52715-BKK', 'Content-Encoding': 'gzip'} 
 body={"data":{"id":12,"email":"rachel.howell@reqres.in","first_name":"Rachel","last_name":"Howell","avatar":"https://reqres.in/img/faces/12-image.jpg"},"support":{"url":"https://reqres.in/#support-heading","text":"To keep ReqRes free, contributions towards server costs are appreciated!"}} 
 </msg>
<msg time="2024-04-06T15:06:06.624999" level="INFO">${response} = &lt;Response [200]&gt;</msg>
<var>${response}</var>
<arg>mysession</arg>
<arg>/api/users/${user}</arg>
<arg>expected_status=any</arg>
<doc>Sends a GET request on a previously created HTTP Session.</doc>
<status status="PASS" start="2024-04-06T15:06:06.551876" elapsed="0.073137"/>
</kw>
<kw name="Status Should Be" owner="RequestsLibrary">
<arg>${response_status}</arg>
<arg>${response}</arg>
<doc>Fails if response status code is different than the expected.</doc>
<status status="PASS" start="2024-04-06T15:06:06.625123" elapsed="0.000149"/>
</kw>
<kw name="Set Variable" owner="BuiltIn">
<msg time="2024-04-06T15:06:06.625619" level="INFO">${json} = {'data': {'id': 12, 'email': 'rachel.howell@reqres.in', 'first_name': 'Rachel', 'last_name': 'Howell', 'avatar': 'https://reqres.in/img/faces/12-image.jpg'}, 'support': {'url': 'https://reqres.in/#sup...</msg>
<var>${json}</var>
<arg>${response.json()}</arg>
<doc>Returns the given values which can then be assigned to a variables.</doc>
<status status="PASS" start="2024-04-06T15:06:06.625338" elapsed="0.000293"/>
</kw>
<kw name="Set Test Variable" owner="BuiltIn">
<msg time="2024-04-06T15:06:06.625847" level="INFO">${json} = {'data': {'id': 12, 'email': 'rachel.howell@reqres.in', 'first_name': 'Rachel', 'last_name': 'Howell', 'avatar': 'https://reqres.in/img/faces/12-image.jpg'}, 'support': {'url': 'https://reqres.in/#sup...</msg>
<arg>${json}</arg>
<arg>&amp;{json}</arg>
<doc>Makes a variable available everywhere within the scope of the current test.</doc>
<status status="PASS" start="2024-04-06T15:06:06.625696" elapsed="0.000170"/>
</kw>
<status status="PASS" start="2024-04-06T15:06:06.551119" elapsed="0.074783"/>
</kw>
<kw name="Verify Response Return Id Value As ${12} Correctly" owner="Keyword" source_name="Verify Response Return Id Value As ${number} Correctly">
<kw name="Set Variable" owner="BuiltIn">
<msg time="2024-04-06T15:06:06.626537" level="INFO">${actual_id} = 12</msg>
<var>${actual_id}</var>
<arg>${json.data.id}</arg>
<doc>Returns the given values which can then be assigned to a variables.</doc>
<status status="PASS" start="2024-04-06T15:06:06.626317" elapsed="0.000231"/>
</kw>
<kw name="Should Be Equal" owner="BuiltIn">
<arg>${actual_id}</arg>
<arg>${number}</arg>
<doc>Fails if the given objects are unequal.</doc>
<status status="PASS" start="2024-04-06T15:06:06.626608" elapsed="0.000095"/>
</kw>
<status status="PASS" start="2024-04-06T15:06:06.626023" elapsed="0.000710"/>
</kw>
<kw name="Verify Email In Response As rachel.howell@reqres.in Correctly" owner="Keyword" source_name="Verify Email In Response As ${email} Correctly">
<kw name="Set Variable" owner="BuiltIn">
<msg time="2024-04-06T15:06:06.627196" level="INFO">${actual_email} = rachel.howell@reqres.in</msg>
<var>${actual_email}</var>
<arg>${json.data.email}</arg>
<doc>Returns the given values which can then be assigned to a variables.</doc>
<status status="PASS" start="2024-04-06T15:06:06.626980" elapsed="0.000228"/>
</kw>
<kw name="Should Be Equal" owner="BuiltIn">
<arg>${actual_email}</arg>
<arg>${email}</arg>
<doc>Fails if the given objects are unequal.</doc>
<status status="PASS" start="2024-04-06T15:06:06.627264" elapsed="0.000089"/>
</kw>
<status status="PASS" start="2024-04-06T15:06:06.626851" elapsed="0.000530"/>
</kw>
<kw name="Verify First and Last In Response Correctly" owner="Keyword">
<kw name="Set Variable" owner="BuiltIn">
<msg time="2024-04-06T15:06:06.627818" level="INFO">${actual_first_name} = Rachel</msg>
<var>${actual_first_name}</var>
<arg>${json.data.first_name}</arg>
<doc>Returns the given values which can then be assigned to a variables.</doc>
<status status="PASS" start="2024-04-06T15:06:06.627608" elapsed="0.000221"/>
</kw>
<kw name="Set Variable" owner="BuiltIn">
<msg time="2024-04-06T15:06:06.628099" level="INFO">${actual_last_name} = Howell</msg>
<var>${actual_last_name}</var>
<arg>${json.data.last_name}</arg>
<doc>Returns the given values which can then be assigned to a variables.</doc>
<status status="PASS" start="2024-04-06T15:06:06.627883" elapsed="0.000227"/>
</kw>
<kw name="Should Be Equal" owner="BuiltIn">
<arg>${actual_first_name}</arg>
<arg>${first_name}</arg>
<doc>Fails if the given objects are unequal.</doc>
<status status="PASS" start="2024-04-06T15:06:06.628165" elapsed="0.000135"/>
</kw>
<kw name="Should Be Equal" owner="BuiltIn">
<arg>${actual_last_name}</arg>
<arg>${last_name}</arg>
<doc>Fails if the given objects are unequal.</doc>
<status status="PASS" start="2024-04-06T15:06:06.628356" elapsed="0.000089"/>
</kw>
<arg>Rachel</arg>
<arg>Howell</arg>
<status status="PASS" start="2024-04-06T15:06:06.627470" elapsed="0.001009"/>
</kw>
<kw name="Verify Avatar Link In Response Correctly" owner="Keyword">
<kw name="Set Variable" owner="BuiltIn">
<msg time="2024-04-06T15:06:06.628899" level="INFO">${actual_avatar_link} = https://reqres.in/img/faces/12-image.jpg</msg>
<var>${actual_avatar_link}</var>
<arg>${json.data.avatar}</arg>
<doc>Returns the given values which can then be assigned to a variables.</doc>
<status status="PASS" start="2024-04-06T15:06:06.628682" elapsed="0.000229"/>
</kw>
<kw name="Should Be Equal" owner="BuiltIn">
<arg>${actual_avatar_link}</arg>
<arg>${expected_avatar_link}</arg>
<doc>Fails if the given objects are unequal.</doc>
<status status="PASS" start="2024-04-06T15:06:06.628969" elapsed="0.000095"/>
</kw>
<status status="PASS" start="2024-04-06T15:06:06.628563" elapsed="0.000604"/>
</kw>
<doc>To verify get user  profile api will return correct data  when trying to get  profile of existing  user</doc>
<status status="PASS" start="2024-04-06T15:06:06.550727" elapsed="0.078513"/>
</test>
<test id="s1-t2" name="[TC-2] - Get user profile but user not found" line="14">
<kw name="Call Api With User 1234 And Response Status 404" owner="Keyword" source_name="Call Api With User ${user} And Response Status ${response_status}">
<kw name="Create Session" owner="RequestsLibrary">
<msg time="2024-04-06T15:06:06.629885" level="INFO">Creating Session using : alias=mysession, url=https://reqres.in, headers={},                     cookies={}, auth=None, timeout=None, proxies=None, verify=True,                     debug=0 </msg>
<arg>mysession</arg>
<arg>${url}</arg>
<arg>verify=true</arg>
<doc>Create Session: create a HTTP session to a server</doc>
<status status="PASS" start="2024-04-06T15:06:06.629787" elapsed="0.000189"/>
</kw>
<kw name="GET On Session" owner="RequestsLibrary">
<msg time="2024-04-06T15:06:07.130967" level="INFO">GET Request : url=https://reqres.in/api/users/1234 
 path_url=/api/users/1234 
 headers={'User-Agent': 'python-requests/2.31.0', 'Accept-Encoding': 'gzip, deflate', 'Accept': '*/*', 'Connection': 'keep-alive'} 
 body=None 
 </msg>
<msg time="2024-04-06T15:06:07.131218" level="INFO">GET Response : url=https://reqres.in/api/users/1234 
 status=404, reason=Not Found 
 headers={'Date': 'Sat, 06 Apr 2024 08:06:07 GMT', 'Content-Type': 'application/json; charset=utf-8', 'Content-Length': '2', 'Connection': 'keep-alive', 'Report-To': '{"group":"heroku-nel","max_age":3600,"endpoints":[{"url":"https://nel.heroku.com/reports?ts=1712390767&amp;sid=c4c9725f-1ab0-44d8-820f-430df2718e11&amp;s=cihwTGkp%2BO0NNVVh5PoHd7YbbHnkVYS5yDf%2FU8GxK8o%3D"}]}', 'Reporting-Endpoints': 'heroku-nel=https://nel.heroku.com/reports?ts=1712390767&amp;sid=c4c9725f-1ab0-44d8-820f-430df2718e11&amp;s=cihwTGkp%2BO0NNVVh5PoHd7YbbHnkVYS5yDf%2FU8GxK8o%3D', 'Nel': '{"report_to":"heroku-nel","max_age":3600,"success_fraction":0.005,"failure_fraction":0.05,"response_headers":["Via"]}', 'X-Powered-By': 'Express', 'Access-Control-Allow-Origin': '*', 'Etag': 'W/"2-vyGp6PvFo4RvsFtPoIWeCReyIC8"', 'Via': '1.1 vegur', 'Cache-Control': 'max-age=14400', 'CF-Cache-Status': 'EXPIRED', 'Vary': 'Accept-Encoding', 'Server': 'cloudflare', 'CF-RAY': '870046d42d3626fd-BKK'} 
 body={} 
 </msg>
<msg time="2024-04-06T15:06:07.131571" level="INFO">${response} = &lt;Response [404]&gt;</msg>
<var>${response}</var>
<arg>mysession</arg>
<arg>/api/users/${user}</arg>
<arg>expected_status=any</arg>
<doc>Sends a GET request on a previously created HTTP Session.</doc>
<status status="PASS" start="2024-04-06T15:06:06.630039" elapsed="0.501614"/>
</kw>
<kw name="Status Should Be" owner="RequestsLibrary">
<arg>${response_status}</arg>
<arg>${response}</arg>
<doc>Fails if response status code is different than the expected.</doc>
<status status="PASS" start="2024-04-06T15:06:07.132193" elapsed="0.000473"/>
</kw>
<kw name="Set Variable" owner="BuiltIn">
<msg time="2024-04-06T15:06:07.133667" level="INFO">${json} = {}</msg>
<var>${json}</var>
<arg>${response.json()}</arg>
<doc>Returns the given values which can then be assigned to a variables.</doc>
<status status="PASS" start="2024-04-06T15:06:07.132865" elapsed="0.000838"/>
</kw>
<kw name="Set Test Variable" owner="BuiltIn">
<msg time="2024-04-06T15:06:07.134287" level="INFO">${json} = {}</msg>
<arg>${json}</arg>
<arg>&amp;{json}</arg>
<doc>Makes a variable available everywhere within the scope of the current test.</doc>
<status status="PASS" start="2024-04-06T15:06:07.133939" elapsed="0.000405"/>
</kw>
<status status="PASS" start="2024-04-06T15:06:06.629648" elapsed="0.504805"/>
</kw>
<kw name="Verify Response Body When Api Fail" owner="Keyword">
<kw name="Should Be Empty" owner="BuiltIn">
<msg time="2024-04-06T15:06:07.135547" level="INFO">Length is 0.</msg>
<arg>${json}</arg>
<doc>Verifies that the given item is empty.</doc>
<status status="PASS" start="2024-04-06T15:06:07.135221" elapsed="0.000409"/>
</kw>
<status status="PASS" start="2024-04-06T15:06:07.134778" elapsed="0.000950"/>
</kw>
<doc>To verify get user  profile api will return 404 not found when trying to get exist profile  of not existing user</doc>
<status status="PASS" start="2024-04-06T15:06:06.629349" elapsed="0.506601"/>
</test>
<status status="PASS" start="2024-04-06T15:06:06.441604" elapsed="0.694981"/>
</suite>
<statistics>
<total>
<stat pass="2" fail="0" skip="0">All Tests</stat>
</total>
<tag>
</tag>
<suite>
<stat pass="2" fail="0" skip="0" id="s1" name="Testcase">Testcase</stat>
</suite>
</statistics>
<errors>
<msg time="2024-04-06T15:06:06.462461" level="ERROR">Error in file '/Users/nopparatsmacpro/Desktop/Test_API/Keywords/Keyword.robot' on line 5: Importing library 'HttpLibrary.HTTP' failed: ModuleNotFoundError: No module named 'HttpLibrary'
Traceback (most recent call last):
  None
PYTHONPATH:
  /Users/nopparatsmacpro/Desktop/Test_API/venv/bin
  /Applications/Xcode.app/Contents/Developer/Library/Frameworks/Python3.framework/Versions/3.9/lib/python39.zip
  /Applications/Xcode.app/Contents/Developer/Library/Frameworks/Python3.framework/Versions/3.9/lib/python3.9
  /Applications/Xcode.app/Contents/Developer/Library/Frameworks/Python3.framework/Versions/3.9/lib/python3.9/lib-dynload
  /Users/nopparatsmacpro/Desktop/Test_API/venv/lib/python3.9/site-packages</msg>
</errors>
</robot>
